<?xml version="1.0" encoding="UTF-8"?>
<testsuite xmlns:xsi="http://www.w3.org/2001/XMLSchema-instance" xsi:noNamespaceSchemaLocation="https://maven.apache.org/surefire/maven-surefire-plugin/xsd/surefire-test-report.xsd" name="hr.pravila.crossbar.processors.MyProcessorTest" time="0.784" tests="1" errors="0" skipped="0" failures="0">
  <properties>
    <property name="sun.desktop" value="windows"/>
    <property name="awt.toolkit" value="sun.awt.windows.WToolkit"/>
    <property name="file.encoding.pkg" value="sun.io"/>
    <property name="java.specification.version" value="1.8"/>
    <property name="sun.cpu.isalist" value="amd64"/>
    <property name="sun.jnu.encoding" value="Cp1252"/>
    <property name="java.class.path" value="D:\work\Pravila\local_dev\nifi_dev\crossbar-connector\nifi-crossbar-connector-processors\target\test-classes;D:\work\Pravila\local_dev\nifi_dev\crossbar-connector\nifi-crossbar-connector-processors\target\classes;C:\Users\danij\.m2\repository\org\apache\nifi\nifi-api\1.9.2\nifi-api-1.9.2.jar;C:\Users\danij\.m2\repository\org\apache\nifi\nifi-utils\1.9.2\nifi-utils-1.9.2.jar;C:\Users\danij\.m2\repository\ws\wamp\jawampa\jawampa-core\0.4.1\jawampa-core-0.4.1.jar;C:\Users\danij\.m2\repository\io\reactivex\rxjava\1.0.8\rxjava-1.0.8.jar;C:\Users\danij\.m2\repository\com\fasterxml\jackson\core\jackson-databind\2.4.4\jackson-databind-2.4.4.jar;C:\Users\danij\.m2\repository\com\fasterxml\jackson\core\jackson-annotations\2.4.0\jackson-annotations-2.4.0.jar;C:\Users\danij\.m2\repository\com\fasterxml\jackson\core\jackson-core\2.4.4\jackson-core-2.4.4.jar;C:\Users\danij\.m2\repository\org\msgpack\jackson-dataformat-msgpack\0.7.0-p7\jackson-dataformat-msgpack-0.7.0-p7.jar;C:\Users\danij\.m2\repository\org\msgpack\msgpack-core\0.7.0-p7\msgpack-core-0.7.0-p7.jar;C:\Users\danij\.m2\repository\ws\wamp\jawampa\jawampa-netty\0.4.1\jawampa-netty-0.4.1.jar;C:\Users\danij\.m2\repository\io\netty\netty-codec-http\4.0.24.Final\netty-codec-http-4.0.24.Final.jar;C:\Users\danij\.m2\repository\io\netty\netty-codec\4.0.24.Final\netty-codec-4.0.24.Final.jar;C:\Users\danij\.m2\repository\io\netty\netty-transport\4.0.24.Final\netty-transport-4.0.24.Final.jar;C:\Users\danij\.m2\repository\io\netty\netty-handler\4.0.24.Final\netty-handler-4.0.24.Final.jar;C:\Users\danij\.m2\repository\io\netty\netty-buffer\4.0.24.Final\netty-buffer-4.0.24.Final.jar;C:\Users\danij\.m2\repository\io\netty\netty-common\4.0.24.Final\netty-common-4.0.24.Final.jar;C:\Users\danij\.m2\repository\org\apache\nifi\nifi-mock\1.9.2\nifi-mock-1.9.2.jar;C:\Users\danij\.m2\repository\org\apache\nifi\nifi-framework-api\1.9.2\nifi-framework-api-1.9.2.jar;C:\Users\danij\.m2\repository\org\apache\nifi\nifi-expression-language\1.9.2\nifi-expression-language-1.9.2.jar;C:\Users\danij\.m2\repository\org\antlr\antlr-runtime\3.5.2\antlr-runtime-3.5.2.jar;C:\Users\danij\.m2\repository\com\jayway\jsonpath\json-path\2.4.0\json-path-2.4.0.jar;C:\Users\danij\.m2\repository\net\minidev\json-smart\2.3\json-smart-2.3.jar;C:\Users\danij\.m2\repository\net\minidev\accessors-smart\1.2\accessors-smart-1.2.jar;C:\Users\danij\.m2\repository\org\ow2\asm\asm\5.0.4\asm-5.0.4.jar;C:\Users\danij\.m2\repository\org\apache\commons\commons-text\1.4\commons-text-1.4.jar;C:\Users\danij\.m2\repository\org\apache\commons\commons-lang3\3.7\commons-lang3-3.7.jar;C:\Users\danij\.m2\repository\org\apache\nifi\nifi-data-provenance-utils\1.9.2\nifi-data-provenance-utils-1.9.2.jar;C:\Users\danij\.m2\repository\org\apache\nifi\nifi-security-utils\1.9.2\nifi-security-utils-1.9.2.jar;C:\Users\danij\.m2\repository\commons-codec\commons-codec\1.11\commons-codec-1.11.jar;C:\Users\danij\.m2\repository\org\bouncycastle\bcpkix-jdk15on\1.60\bcpkix-jdk15on-1.60.jar;C:\Users\danij\.m2\repository\de\svenkubiak\jBCrypt\0.4.1\jBCrypt-0.4.1.jar;C:\Users\danij\.m2\repository\org\bouncycastle\bcprov-jdk15on\1.60\bcprov-jdk15on-1.60.jar;C:\Users\danij\.m2\repository\org\apache\nifi\nifi-properties-loader\1.9.2\nifi-properties-loader-1.9.2.jar;C:\Users\danij\.m2\repository\ch\qos\logback\logback-classic\1.2.3\logback-classic-1.2.3.jar;C:\Users\danij\.m2\repository\ch\qos\logback\logback-core\1.2.3\logback-core-1.2.3.jar;C:\Users\danij\.m2\repository\org\apache\nifi\nifi-properties\1.9.2\nifi-properties-1.9.2.jar;C:\Users\danij\.m2\repository\org\slf4j\slf4j-simple\1.7.25\slf4j-simple-1.7.25.jar;C:\Users\danij\.m2\repository\org\slf4j\slf4j-api\1.7.25\slf4j-api-1.7.25.jar;C:\Users\danij\.m2\repository\junit\junit\4.12\junit-4.12.jar;C:\Users\danij\.m2\repository\org\hamcrest\hamcrest-core\1.3\hamcrest-core-1.3.jar;C:\Users\danij\.m2\repository\org\mockito\mockito-core\1.10.19\mockito-core-1.10.19.jar;C:\Users\danij\.m2\repository\org\objenesis\objenesis\2.1\objenesis-2.1.jar;C:\Users\danij\.m2\repository\org\codehaus\groovy\groovy-all\2.4.13\groovy-all-2.4.13.jar;"/>
    <property name="java.vm.vendor" value="Oracle Corporation"/>
    <property name="sun.arch.data.model" value="64"/>
    <property name="user.variant" value=""/>
    <property name="java.vendor.url" value="http://java.oracle.com/"/>
    <property name="user.timezone" value="Europe/Belgrade"/>
    <property name="java.vm.specification.version" value="1.8"/>
    <property name="os.name" value="Windows 10"/>
    <property name="user.country" value="GB"/>
    <property name="sun.java.launcher" value="SUN_STANDARD"/>
    <property name="sun.boot.library.path" value="C:\Program Files\Java\jdk1.8.0_201\jre\bin"/>
    <property name="sun.java.command" value="C:\Users\danij\AppData\Local\Temp\surefire284249449826172780\surefirebooter671276726391429109.jar C:\Users\danij\AppData\Local\Temp\surefire284249449826172780 2019-06-04T12-32-33_670-jvmRun1 surefire7911718410611799278tmp surefire_03869185626216266219tmp"/>
    <property name="surefire.test.class.path" value="D:\work\Pravila\local_dev\nifi_dev\crossbar-connector\nifi-crossbar-connector-processors\target\test-classes;D:\work\Pravila\local_dev\nifi_dev\crossbar-connector\nifi-crossbar-connector-processors\target\classes;C:\Users\danij\.m2\repository\org\apache\nifi\nifi-api\1.9.2\nifi-api-1.9.2.jar;C:\Users\danij\.m2\repository\org\apache\nifi\nifi-utils\1.9.2\nifi-utils-1.9.2.jar;C:\Users\danij\.m2\repository\ws\wamp\jawampa\jawampa-core\0.4.1\jawampa-core-0.4.1.jar;C:\Users\danij\.m2\repository\io\reactivex\rxjava\1.0.8\rxjava-1.0.8.jar;C:\Users\danij\.m2\repository\com\fasterxml\jackson\core\jackson-databind\2.4.4\jackson-databind-2.4.4.jar;C:\Users\danij\.m2\repository\com\fasterxml\jackson\core\jackson-annotations\2.4.0\jackson-annotations-2.4.0.jar;C:\Users\danij\.m2\repository\com\fasterxml\jackson\core\jackson-core\2.4.4\jackson-core-2.4.4.jar;C:\Users\danij\.m2\repository\org\msgpack\jackson-dataformat-msgpack\0.7.0-p7\jackson-dataformat-msgpack-0.7.0-p7.jar;C:\Users\danij\.m2\repository\org\msgpack\msgpack-core\0.7.0-p7\msgpack-core-0.7.0-p7.jar;C:\Users\danij\.m2\repository\ws\wamp\jawampa\jawampa-netty\0.4.1\jawampa-netty-0.4.1.jar;C:\Users\danij\.m2\repository\io\netty\netty-codec-http\4.0.24.Final\netty-codec-http-4.0.24.Final.jar;C:\Users\danij\.m2\repository\io\netty\netty-codec\4.0.24.Final\netty-codec-4.0.24.Final.jar;C:\Users\danij\.m2\repository\io\netty\netty-transport\4.0.24.Final\netty-transport-4.0.24.Final.jar;C:\Users\danij\.m2\repository\io\netty\netty-handler\4.0.24.Final\netty-handler-4.0.24.Final.jar;C:\Users\danij\.m2\repository\io\netty\netty-buffer\4.0.24.Final\netty-buffer-4.0.24.Final.jar;C:\Users\danij\.m2\repository\io\netty\netty-common\4.0.24.Final\netty-common-4.0.24.Final.jar;C:\Users\danij\.m2\repository\org\apache\nifi\nifi-mock\1.9.2\nifi-mock-1.9.2.jar;C:\Users\danij\.m2\repository\org\apache\nifi\nifi-framework-api\1.9.2\nifi-framework-api-1.9.2.jar;C:\Users\danij\.m2\repository\org\apache\nifi\nifi-expression-language\1.9.2\nifi-expression-language-1.9.2.jar;C:\Users\danij\.m2\repository\org\antlr\antlr-runtime\3.5.2\antlr-runtime-3.5.2.jar;C:\Users\danij\.m2\repository\com\jayway\jsonpath\json-path\2.4.0\json-path-2.4.0.jar;C:\Users\danij\.m2\repository\net\minidev\json-smart\2.3\json-smart-2.3.jar;C:\Users\danij\.m2\repository\net\minidev\accessors-smart\1.2\accessors-smart-1.2.jar;C:\Users\danij\.m2\repository\org\ow2\asm\asm\5.0.4\asm-5.0.4.jar;C:\Users\danij\.m2\repository\org\apache\commons\commons-text\1.4\commons-text-1.4.jar;C:\Users\danij\.m2\repository\org\apache\commons\commons-lang3\3.7\commons-lang3-3.7.jar;C:\Users\danij\.m2\repository\org\apache\nifi\nifi-data-provenance-utils\1.9.2\nifi-data-provenance-utils-1.9.2.jar;C:\Users\danij\.m2\repository\org\apache\nifi\nifi-security-utils\1.9.2\nifi-security-utils-1.9.2.jar;C:\Users\danij\.m2\repository\commons-codec\commons-codec\1.11\commons-codec-1.11.jar;C:\Users\danij\.m2\repository\org\bouncycastle\bcpkix-jdk15on\1.60\bcpkix-jdk15on-1.60.jar;C:\Users\danij\.m2\repository\de\svenkubiak\jBCrypt\0.4.1\jBCrypt-0.4.1.jar;C:\Users\danij\.m2\repository\org\bouncycastle\bcprov-jdk15on\1.60\bcprov-jdk15on-1.60.jar;C:\Users\danij\.m2\repository\org\apache\nifi\nifi-properties-loader\1.9.2\nifi-properties-loader-1.9.2.jar;C:\Users\danij\.m2\repository\ch\qos\logback\logback-classic\1.2.3\logback-classic-1.2.3.jar;C:\Users\danij\.m2\repository\ch\qos\logback\logback-core\1.2.3\logback-core-1.2.3.jar;C:\Users\danij\.m2\repository\org\apache\nifi\nifi-properties\1.9.2\nifi-properties-1.9.2.jar;C:\Users\danij\.m2\repository\org\slf4j\slf4j-simple\1.7.25\slf4j-simple-1.7.25.jar;C:\Users\danij\.m2\repository\org\slf4j\slf4j-api\1.7.25\slf4j-api-1.7.25.jar;C:\Users\danij\.m2\repository\junit\junit\4.12\junit-4.12.jar;C:\Users\danij\.m2\repository\org\hamcrest\hamcrest-core\1.3\hamcrest-core-1.3.jar;C:\Users\danij\.m2\repository\org\mockito\mockito-core\1.10.19\mockito-core-1.10.19.jar;C:\Users\danij\.m2\repository\org\objenesis\objenesis\2.1\objenesis-2.1.jar;C:\Users\danij\.m2\repository\org\codehaus\groovy\groovy-all\2.4.13\groovy-all-2.4.13.jar;"/>
    <property name="sun.cpu.endian" value="little"/>
    <property name="user.home" value="C:\Users\danij"/>
    <property name="user.language" value="en"/>
    <property name="java.specification.vendor" value="Oracle Corporation"/>
    <property name="java.home" value="C:\Program Files\Java\jdk1.8.0_201\jre"/>
    <property name="basedir" value="D:\work\Pravila\local_dev\nifi_dev\crossbar-connector\nifi-crossbar-connector-processors"/>
    <property name="file.separator" value="\"/>
    <property name="line.separator" value="&#10;"/>
    <property name="java.vm.specification.vendor" value="Oracle Corporation"/>
    <property name="java.specification.name" value="Java Platform API Specification"/>
    <property name="java.awt.graphicsenv" value="sun.awt.Win32GraphicsEnvironment"/>
    <property name="java.awt.headless" value="true"/>
    <property name="surefire.real.class.path" value="C:\Users\danij\AppData\Local\Temp\surefire284249449826172780\surefirebooter671276726391429109.jar"/>
    <property name="sun.boot.class.path" value="C:\Program Files\Java\jdk1.8.0_201\jre\lib\resources.jar;C:\Program Files\Java\jdk1.8.0_201\jre\lib\rt.jar;C:\Program Files\Java\jdk1.8.0_201\jre\lib\sunrsasign.jar;C:\Program Files\Java\jdk1.8.0_201\jre\lib\jsse.jar;C:\Program Files\Java\jdk1.8.0_201\jre\lib\jce.jar;C:\Program Files\Java\jdk1.8.0_201\jre\lib\charsets.jar;C:\Program Files\Java\jdk1.8.0_201\jre\lib\jfr.jar;C:\Program Files\Java\jdk1.8.0_201\jre\classes"/>
    <property name="user.script" value=""/>
    <property name="sun.management.compiler" value="HotSpot 64-Bit Tiered Compilers"/>
    <property name="java.runtime.version" value="1.8.0_201-b09"/>
    <property name="java.net.preferIPv4Stack" value="true"/>
    <property name="user.name" value="danij"/>
    <property name="path.separator" value=";"/>
    <property name="os.version" value="10.0"/>
    <property name="java.endorsed.dirs" value="C:\Program Files\Java\jdk1.8.0_201\jre\lib\endorsed"/>
    <property name="java.runtime.name" value="Java(TM) SE Runtime Environment"/>
    <property name="file.encoding" value="UTF-8"/>
    <property name="java.vm.name" value="Java HotSpot(TM) 64-Bit Server VM"/>
    <property name="localRepository" value="C:\Users\danij\.m2\repository"/>
    <property name="java.vendor.url.bug" value="http://bugreport.sun.com/bugreport/"/>
    <property name="java.io.tmpdir" value="C:\Users\danij\AppData\Local\Temp\"/>
    <property name="java.version" value="1.8.0_201"/>
    <property name="user.dir" value="D:\work\Pravila\local_dev\nifi_dev\crossbar-connector\nifi-crossbar-connector-processors"/>
    <property name="os.arch" value="amd64"/>
    <property name="java.vm.specification.name" value="Java Virtual Machine Specification"/>
    <property name="java.awt.printerjob" value="sun.awt.windows.WPrinterJob"/>
    <property name="sun.os.patch.level" value=""/>
    <property name="java.library.path" value="C:\Program Files\Java\jdk1.8.0_201\jre\bin;C:\Windows\Sun\Java\bin;C:\Windows\system32;C:\Windows;C:\ProgramData\DockerDesktop\version-bin;C:\Program Files\Docker\Docker\Resources\bin;C:\Program Files (x86)\Common Files\Oracle\Java\javapath;C:\Windows\system32;C:\Windows;C:\Windows\System32\Wbem;C:\Windows\System32\WindowsPowerShell\v1.0\;C:\Windows\System32\OpenSSH\;C:\Program Files (x86)\Microsoft SQL Server\Client SDK\ODBC\130\Tools\Binn\;C:\Program Files (x86)\Microsoft SQL Server\140\Tools\Binn\;C:\Program Files (x86)\Microsoft SQL Server\140\DTS\Binn\;C:\Program Files (x86)\Microsoft SQL Server\140\Tools\Binn\ManagementStudio\;C:\Program Files\nodejs\;C:\Program Files\Git\cmd;C:\Program Files\PuTTY\;C:\Program Files (x86)\GnuWin32\bin;C:\Users\danij\AppData\Local\Programs\Python\Python37;C:\Users\danij\AppData\Local\Programs\Python\Python37\Scripts;C:\Users\danij\AppData\Local\Microsoft\WindowsApps;C:\Users\danij\AppData\Local\Programs\Microsoft VS Code\bin;C:\Program Files (x86)\Java\jre1.8.0_201\bin;C:\Program Files\Java\jdk1.8.0_201\bin;C:\Users\danij\AppData\Roaming\npm;C:\Program Files\apache-maven-3.6.1\bin;C:\Users\danij\AppData\Local\Programs\Fiddler;C:\Users\danij\AppData\Local\Programs\Python\Python37\Scripts;;."/>
    <property name="java.vm.info" value="mixed mode"/>
    <property name="java.vendor" value="Oracle Corporation"/>
    <property name="java.vm.version" value="25.201-b09"/>
    <property name="java.rmi.server.randomIDs" value="true"/>
    <property name="java.ext.dirs" value="C:\Program Files\Java\jdk1.8.0_201\jre\lib\ext;C:\Windows\Sun\Java\lib\ext"/>
    <property name="sun.io.unicode.encoding" value="UnicodeLittle"/>
    <property name="java.class.version" value="52.0"/>
  </properties>
  <testcase name="testProcessor" classname="hr.pravila.crossbar.processors.MyProcessorTest" time="0.619"/>
</testsuite>